*
* Restart config...
*
*
* General setup
*
Compile also drivers which will not load (COMPILE_TEST) [N/y/?] n
Compile the kernel with warnings as errors (WERROR) [Y/n/?] y
Local version - append to kernel release (LOCALVERSION) [] 
Automatically append version information to the version string (LOCALVERSION_AUTO) [Y/n/?] y
Build ID Salt (BUILD_SALT) [] 
Kernel compression mode
> 1. Gzip (KERNEL_GZIP)
  2. Bzip2 (KERNEL_BZIP2)
  3. LZMA (KERNEL_LZMA)
  4. XZ (KERNEL_XZ)
  5. LZO (KERNEL_LZO)
  6. LZ4 (KERNEL_LZ4)
  7. ZSTD (KERNEL_ZSTD)
choice[1-7?]: 1
Default init path (DEFAULT_INIT) [] 
Default hostname (DEFAULT_HOSTNAME) [(none)] (none)
System V IPC (SYSVIPC) [Y/n/?] y
POSIX Message Queues (POSIX_MQUEUE) [Y/n/?] y
General notification queue (WATCH_QUEUE) [N/y/?] n
Enable process_vm_readv/writev syscalls (CROSS_MEMORY_ATTACH) [Y/n/?] y
uselib syscall (for libc5 and earlier) (USELIB) [N/y/?] n
Auditing support (AUDIT) [Y/n/?] y
Preemption Model
> 1. No Forced Preemption (Server) (PREEMPT_NONE)
  2. Voluntary Kernel Preemption (Desktop) (PREEMPT_VOLUNTARY)
  3. Preemptible Kernel (Low-Latency Desktop) (PREEMPT)
choice[1-3?]: 1
Preemption behaviour defined on boot (PREEMPT_DYNAMIC) [Y/n/?] y
Core Scheduling for SMT (SCHED_CORE) [N/y/?] n
CPU isolation (CPU_ISOLATION) [Y/n/?] y
Kernel .config support (IKCONFIG) [N/m/y/?] n
Enable kernel headers through /sys/kernel/kheaders.tar.xz (IKHEADERS) [N/m/y/?] n
Kernel log buffer size (16 => 64KB, 17 => 128KB) (LOG_BUF_SHIFT) [18] 18
CPU kernel log buffer size contribution (13 => 8 KB, 17 => 128KB) (LOG_CPU_MAX_BUF_SHIFT) [12] 12
Temporary per-CPU printk log buffer size (12 => 4KB, 13 => 8KB) (PRINTK_SAFE_LOG_BUF_SHIFT) [13] 13
Printk indexing debugfs interface (PRINTK_INDEX) [N/y/?] n
Memory placement aware NUMA scheduler (NUMA_BALANCING) [N/y/?] n
Checkpoint/restore support (CHECKPOINT_RESTORE) [N/y/?] n
Automatic process group scheduling (SCHED_AUTOGROUP) [N/y/?] n
Enable deprecated sysfs features to support old userspace tools (SYSFS_DEPRECATED) [N/y/?] n
Kernel->user space relay support (formerly relayfs) (RELAY) [Y/?] y
Initial RAM filesystem and RAM disk (initramfs/initrd) support (BLK_DEV_INITRD) [Y/n/?] y
  Initramfs source file(s) (INITRAMFS_SOURCE) [/tmp/tmp.XbaKbm3Dnb/tools/testing/selftests/rcutorture/initrd] /tmp/tmp.XbaKbm3Dnb/tools/testing/selftests/rcutorture/initrd
  User ID to map to 0 (user root) (INITRAMFS_ROOT_UID) [0] (NEW) 
  Group ID to map to 0 (group root) (INITRAMFS_ROOT_GID) [0] (NEW) 
  Support initial ramdisk/ramfs compressed using gzip (RD_GZIP) [Y/n/?] y
  Support initial ramdisk/ramfs compressed using bzip2 (RD_BZIP2) [Y/n/?] y
  Support initial ramdisk/ramfs compressed using LZMA (RD_LZMA) [Y/n/?] y
  Support initial ramdisk/ramfs compressed using XZ (RD_XZ) [Y/n/?] y
  Support initial ramdisk/ramfs compressed using LZO (RD_LZO) [Y/n/?] y
  Support initial ramdisk/ramfs compressed using LZ4 (RD_LZ4) [Y/n/?] y
  Support initial ramdisk/ramfs compressed using ZSTD (RD_ZSTD) [Y/n/?] y
  Built-in initramfs compression mode
  > 1. Gzip (INITRAMFS_COMPRESSION_GZIP) (NEW)
    2. Bzip2 (INITRAMFS_COMPRESSION_BZIP2) (NEW)
    3. LZMA (INITRAMFS_COMPRESSION_LZMA) (NEW)
    4. XZ (INITRAMFS_COMPRESSION_XZ) (NEW)
    5. LZO (INITRAMFS_COMPRESSION_LZO) (NEW)
    6. LZ4 (INITRAMFS_COMPRESSION_LZ4) (NEW)
    7. ZSTD (INITRAMFS_COMPRESSION_ZSTD) (NEW)
    8. None (INITRAMFS_COMPRESSION_NONE) (NEW)
  choice[1-8?]: 
Boot config support (BOOT_CONFIG) [N/y/?] n
Preserve cpio archive mtimes in initramfs (INITRAMFS_PRESERVE_MTIME) [Y/n/?] y
Compiler optimization level
> 1. Optimize for performance (-O2) (CC_OPTIMIZE_FOR_PERFORMANCE)
  2. Optimize for size (-Os) (CC_OPTIMIZE_FOR_SIZE)
choice[1-2?]: 1
Embedded system (EMBEDDED) [N/y/?] n
Profiling support (PROFILING) [Y/n/?] y
*
* Linux guest support
*
Linux guest support (HYPERVISOR_GUEST) [Y/n/?] y
  Enable paravirtualization code (PARAVIRT) [Y/n/?] y
  paravirt-ops debugging (PARAVIRT_DEBUG) [N/y/?] (NEW) 
  Paravirtualization layer for spinlocks (PARAVIRT_SPINLOCKS) [N/y/?] (NEW) 
  Xen guest support (XEN) [N/y/?] n
  KVM Guest support (including kvmclock) (KVM_GUEST) [Y/n/?] y
  Disable host haltpoll when loading haltpoll driver (ARCH_CPUIDLE_HALTPOLL) [Y/?] y
  Support for running PVH guests (PVH) [N/y/?] n
  Paravirtual steal time accounting (PARAVIRT_TIME_ACCOUNTING) [N/y/?] (NEW) 
  Jailhouse non-root cell support (JAILHOUSE_GUEST) [N/y/?] n
  ACRN Guest support (ACRN_GUEST) [N/y/?] n
#
# configuration written to .config
#
